<?xml version="1.0" encoding="UTF-8"?>
<!-- Generated by org.testng.reporters.JUnitXMLReporter -->
<testsuite ignored="0" hostname="QT-INNO-LT1631" failures="0" tests="6" name="Default test" time="49.514" errors="0" timestamp="2022-11-16T15:29:45 IST">
  <testcase classname="test.SignUp" name="signUp" time="9.232"/>
  <testcase classname="test.SignUp" name="signUp" time="8.043"/>
  <testcase classname="test.SignUp" name="signUp" time="6.834"/>
  <testcase classname="test.SignUp" name="signUp" time="7.495"/>
  <testcase classname="test.SignUp" name="signUp" time="9.018"/>
  <testcase classname="test.SignUp" name="signUp" time="8.842"/>
</testsuite> <!-- Default test -->
