<?xml version="1.0" encoding="UTF-8"?>
<testng-results ignored="0" total="6" passed="6" failed="0" skipped="0">
  <reporter-output>
  </reporter-output>
  <suite started-at="2022-11-16T15:28:56 IST" name="Default suite" finished-at="2022-11-16T15:29:45 IST" duration-ms="49514">
    <groups>
    </groups>
    <test started-at="2022-11-16T15:28:56 IST" name="Default test" finished-at="2022-11-16T15:29:45 IST" duration-ms="49514">
      <class name="test.SignUp">
        <test-method signature="signUp(java.lang.String,java.lang.String,java.lang.String,java.lang.String,java.lang.String,java.lang.String,java.lang.String)[pri:0, instance:test.SignUp@6ac13091]" started-at="2022-11-16T15:28:56 IST" name="signUp" data-provider="kick" finished-at="2022-11-16T15:29:05 IST" duration-ms="9232" status="PASS">
          <params>
            <param index="0">
              <value>
                <![CDATA[pakkalocaltotalshaka]]>
              </value>
            </param>
            <param index="1">
              <value>
                <![CDATA[Cliche]]>
              </value>
            </param>
            <param index="2">
              <value>
                <![CDATA[namuna@outlook.com]]>
              </value>
            </param>
            <param index="3">
              <value>
                <![CDATA[Yas1234]]>
              </value>
            </param>
            <param index="4">
              <value>
                <![CDATA[12/02/1998]]>
              </value>
            </param>
            <param index="5">
              <value>
                <![CDATA[9909099012]]>
              </value>
            </param>
            <param index="6">
              <value>
                <![CDATA[I am tony stark]]>
              </value>
            </param>
          </params>
          <reporter-output>
          </reporter-output>
        </test-method> <!-- signUp -->
        <test-method signature="signUp(java.lang.String,java.lang.String,java.lang.String,java.lang.String,java.lang.String,java.lang.String,java.lang.String)[pri:0, instance:test.SignUp@6ac13091]" started-at="2022-11-16T15:29:05 IST" name="signUp" data-provider="kick" finished-at="2022-11-16T15:29:13 IST" duration-ms="8043" status="PASS">
          <params>
            <param index="0">
              <value>
                <![CDATA[pakkalocaltotalshakalol]]>
              </value>
            </param>
            <param index="1">
              <value>
                <![CDATA[Cliche]]>
              </value>
            </param>
            <param index="2">
              <value>
                <![CDATA[namuna@outlook.com]]>
              </value>
            </param>
            <param index="3">
              <value>
                <![CDATA[Yas1234]]>
              </value>
            </param>
            <param index="4">
              <value>
                <![CDATA[12/02/1998]]>
              </value>
            </param>
            <param index="5">
              <value>
                <![CDATA[9909099012]]>
              </value>
            </param>
            <param index="6">
              <value>
                <![CDATA[I am tony stark]]>
              </value>
            </param>
          </params>
          <reporter-output>
          </reporter-output>
        </test-method> <!-- signUp -->
        <test-method signature="signUp(java.lang.String,java.lang.String,java.lang.String,java.lang.String,java.lang.String,java.lang.String,java.lang.String)[pri:0, instance:test.SignUp@6ac13091]" started-at="2022-11-16T15:29:13 IST" name="signUp" data-provider="kick" finished-at="2022-11-16T15:29:20 IST" duration-ms="6834" status="PASS">
          <params>
            <param index="0">
              <value>
                <![CDATA[]]>
              </value>
            </param>
            <param index="1">
              <value>
                <![CDATA[Cliche]]>
              </value>
            </param>
            <param index="2">
              <value>
                <![CDATA[namuna@outlook.com]]>
              </value>
            </param>
            <param index="3">
              <value>
                <![CDATA[Yas1234]]>
              </value>
            </param>
            <param index="4">
              <value>
                <![CDATA[12/02/1998]]>
              </value>
            </param>
            <param index="5">
              <value>
                <![CDATA[9909099012]]>
              </value>
            </param>
            <param index="6">
              <value>
                <![CDATA[I am tony stark]]>
              </value>
            </param>
          </params>
          <reporter-output>
          </reporter-output>
        </test-method> <!-- signUp -->
        <test-method signature="signUp(java.lang.String,java.lang.String,java.lang.String,java.lang.String,java.lang.String,java.lang.String,java.lang.String)[pri:0, instance:test.SignUp@6ac13091]" started-at="2022-11-16T15:29:20 IST" name="signUp" data-provider="kick" finished-at="2022-11-16T15:29:28 IST" duration-ms="7495" status="PASS">
          <params>
            <param index="0">
              <value>
                <![CDATA[pakkalocaltotal]]>
              </value>
            </param>
            <param index="1">
              <value>
                <![CDATA[Cli]]>
              </value>
            </param>
            <param index="2">
              <value>
                <![CDATA[namuna@outlook.com]]>
              </value>
            </param>
            <param index="3">
              <value>
                <![CDATA[Yas1234]]>
              </value>
            </param>
            <param index="4">
              <value>
                <![CDATA[12/02/1998]]>
              </value>
            </param>
            <param index="5">
              <value>
                <![CDATA[9909099012]]>
              </value>
            </param>
            <param index="6">
              <value>
                <![CDATA[I am tony stark]]>
              </value>
            </param>
          </params>
          <reporter-output>
          </reporter-output>
        </test-method> <!-- signUp -->
        <test-method signature="signUp(java.lang.String,java.lang.String,java.lang.String,java.lang.String,java.lang.String,java.lang.String,java.lang.String)[pri:0, instance:test.SignUp@6ac13091]" started-at="2022-11-16T15:29:28 IST" name="signUp" data-provider="kick" finished-at="2022-11-16T15:29:37 IST" duration-ms="9018" status="PASS">
          <params>
            <param index="0">
              <value>
                <![CDATA[pakkalocaltotalshak]]>
              </value>
            </param>
            <param index="1">
              <value>
                <![CDATA[Cl]]>
              </value>
            </param>
            <param index="2">
              <value>
                <![CDATA[namuna@outlook.com]]>
              </value>
            </param>
            <param index="3">
              <value>
                <![CDATA[Yas1234]]>
              </value>
            </param>
            <param index="4">
              <value>
                <![CDATA[12/02/1998]]>
              </value>
            </param>
            <param index="5">
              <value>
                <![CDATA[9909099012]]>
              </value>
            </param>
            <param index="6">
              <value>
                <![CDATA[I am tony stark]]>
              </value>
            </param>
          </params>
          <reporter-output>
          </reporter-output>
        </test-method> <!-- signUp -->
        <test-method signature="signUp(java.lang.String,java.lang.String,java.lang.String,java.lang.String,java.lang.String,java.lang.String,java.lang.String)[pri:0, instance:test.SignUp@6ac13091]" started-at="2022-11-16T15:29:37 IST" name="signUp" data-provider="kick" finished-at="2022-11-16T15:29:45 IST" duration-ms="8842" status="PASS">
          <params>
            <param index="0">
              <value>
                <![CDATA[pakkalocaltotalsa]]>
              </value>
            </param>
            <param index="1">
              <value>
                <![CDATA[ClicheToral]]>
              </value>
            </param>
            <param index="2">
              <value>
                <![CDATA[namuna@outlook.com]]>
              </value>
            </param>
            <param index="3">
              <value>
                <![CDATA[Yas1234]]>
              </value>
            </param>
            <param index="4">
              <value>
                <![CDATA[12/02/1998]]>
              </value>
            </param>
            <param index="5">
              <value>
                <![CDATA[9909099012]]>
              </value>
            </param>
            <param index="6">
              <value>
                <![CDATA[I am tony stark]]>
              </value>
            </param>
          </params>
          <reporter-output>
          </reporter-output>
        </test-method> <!-- signUp -->
      </class> <!-- test.SignUp -->
    </test> <!-- Default test -->
  </suite> <!-- Default suite -->
</testng-results>
